<?xml version="1.0" encoding="UTF-8"?>
<!-- Generated by org.testng.reporters.JUnitXMLReporter -->
<testsuite ignored="0" hostname="DESKTOP-5P66Q0S" failures="0" tests="4" name="Shop" time="223.608" errors="0" timestamp="2022-10-21T15:27:40 IST">
  <testcase classname="com.shop.TestCases.TC_HeaderTest_001" name="headerTest" time="4.434"/>
  <testcase classname="com.shop.TestCases.TC_FooterTest_001" name="footerTest" time="124.661"/>
  <testcase classname="com.shop.TestCases.TC_DressesTest_001" name="dressestest" time="17.869"/>
  <testcase classname="com.shop.TestCases.TC_CheckOutTest_001" name="checkout" time="27.554"/>
</testsuite> <!-- Shop -->
